          1 file(s) copied.
          1 file(s) copied.
          1 file(s) copied.
          1 file(s) copied.
          1 file(s) copied.
          1 file(s) copied.
  A subdirectory or file C:\Users\wajiz.pk\Desktop\urgh\x64\Debug Dynamic\resources already exists.
  C:\Users\wajiz.pk\Desktop\urgh\resources\ball.wav
  C:\Users\wajiz.pk\Desktop\urgh\resources\sansation.ttf
          2 file(s) copied.
  BeginnersGarden.cpp
c:\users\wajiz.pk\desktop\urgh\lawnmower.h(36): warning C4244: 'argument': conversion from 'int' to 'float', possible loss of data
c:\users\wajiz.pk\desktop\urgh\lawnmower.h(43): warning C4244: 'argument': conversion from 'int' to 'float', possible loss of data
c:\users\wajiz.pk\desktop\urgh\sunflower.h(26): warning C4244: 'argument': conversion from 'int' to 'float', possible loss of data
c:\users\wajiz.pk\desktop\urgh\sunflower.h(38): warning C4244: 'argument': conversion from 'int' to 'float', possible loss of data
c:\users\wajiz.pk\desktop\urgh\sunflower.h(48): warning C4244: 'argument': conversion from 'int' to 'float', possible loss of data
c:\users\wajiz.pk\desktop\urgh\peashooter.h(34): warning C4244: 'argument': conversion from 'int' to 'float', possible loss of data
c:\users\wajiz.pk\desktop\urgh\peashooter.h(55): warning C4244: 'argument': conversion from 'int' to 'float', possible loss of data
c:\users\wajiz.pk\desktop\urgh\wallnut.h(26): warning C4244: 'argument': conversion from 'int' to 'float', possible loss of data
c:\users\wajiz.pk\desktop\urgh\simplezombiefactory.h(21): warning C4244: '=': conversion from 'int' to 'float', possible loss of data
c:\users\wajiz.pk\desktop\urgh\flyingzombiefactory.h(21): warning C4244: '=': conversion from 'int' to 'float', possible loss of data
  Cherrybomb.cpp
c:\users\wajiz.pk\desktop\urgh\lawnmower.h(36): warning C4244: 'argument': conversion from 'int' to 'float', possible loss of data
c:\users\wajiz.pk\desktop\urgh\lawnmower.h(43): warning C4244: 'argument': conversion from 'int' to 'float', possible loss of data
c:\users\wajiz.pk\desktop\urgh\sunflower.h(26): warning C4244: 'argument': conversion from 'int' to 'float', possible loss of data
c:\users\wajiz.pk\desktop\urgh\sunflower.h(38): warning C4244: 'argument': conversion from 'int' to 'float', possible loss of data
c:\users\wajiz.pk\desktop\urgh\sunflower.h(48): warning C4244: 'argument': conversion from 'int' to 'float', possible loss of data
c:\users\wajiz.pk\desktop\urgh\peashooter.h(34): warning C4244: 'argument': conversion from 'int' to 'float', possible loss of data
c:\users\wajiz.pk\desktop\urgh\peashooter.h(55): warning C4244: 'argument': conversion from 'int' to 'float', possible loss of data
c:\users\wajiz.pk\desktop\urgh\wallnut.h(26): warning C4244: 'argument': conversion from 'int' to 'float', possible loss of data
  CherrybombFactory.cpp
c:\users\wajiz.pk\desktop\urgh\lawnmower.h(36): warning C4244: 'argument': conversion from 'int' to 'float', possible loss of data
c:\users\wajiz.pk\desktop\urgh\lawnmower.h(43): warning C4244: 'argument': conversion from 'int' to 'float', possible loss of data
c:\users\wajiz.pk\desktop\urgh\sunflower.h(26): warning C4244: 'argument': conversion from 'int' to 'float', possible loss of data
c:\users\wajiz.pk\desktop\urgh\sunflower.h(38): warning C4244: 'argument': conversion from 'int' to 'float', possible loss of data
c:\users\wajiz.pk\desktop\urgh\sunflower.h(48): warning C4244: 'argument': conversion from 'int' to 'float', possible loss of data
c:\users\wajiz.pk\desktop\urgh\peashooter.h(34): warning C4244: 'argument': conversion from 'int' to 'float', possible loss of data
c:\users\wajiz.pk\desktop\urgh\peashooter.h(55): warning C4244: 'argument': conversion from 'int' to 'float', possible loss of data
c:\users\wajiz.pk\desktop\urgh\wallnut.h(26): warning C4244: 'argument': conversion from 'int' to 'float', possible loss of data
c:\users\wajiz.pk\desktop\urgh\cherrybombfactory.cpp(20): warning C4244: 'argument': conversion from 'int' to 'float', possible loss of data
  DancingZombieFactory.cpp
c:\users\wajiz.pk\desktop\urgh\lawnmower.h(36): warning C4244: 'argument': conversion from 'int' to 'float', possible loss of data
c:\users\wajiz.pk\desktop\urgh\lawnmower.h(43): warning C4244: 'argument': conversion from 'int' to 'float', possible loss of data
c:\users\wajiz.pk\desktop\urgh\peashooter.h(34): warning C4244: 'argument': conversion from 'int' to 'float', possible loss of data
c:\users\wajiz.pk\desktop\urgh\peashooter.h(55): warning C4244: 'argument': conversion from 'int' to 'float', possible loss of data
c:\users\wajiz.pk\desktop\urgh\wallnut.h(26): warning C4244: 'argument': conversion from 'int' to 'float', possible loss of data
c:\users\wajiz.pk\desktop\urgh\sunflower.h(26): warning C4244: 'argument': conversion from 'int' to 'float', possible loss of data
c:\users\wajiz.pk\desktop\urgh\sunflower.h(38): warning C4244: 'argument': conversion from 'int' to 'float', possible loss of data
c:\users\wajiz.pk\desktop\urgh\sunflower.h(48): warning C4244: 'argument': conversion from 'int' to 'float', possible loss of data
  DolphinZombieFactory.cpp
c:\users\wajiz.pk\desktop\urgh\lawnmower.h(36): warning C4244: 'argument': conversion from 'int' to 'float', possible loss of data
c:\users\wajiz.pk\desktop\urgh\lawnmower.h(43): warning C4244: 'argument': conversion from 'int' to 'float', possible loss of data
c:\users\wajiz.pk\desktop\urgh\peashooter.h(34): warning C4244: 'argument': conversion from 'int' to 'float', possible loss of data
c:\users\wajiz.pk\desktop\urgh\peashooter.h(55): warning C4244: 'argument': conversion from 'int' to 'float', possible loss of data
c:\users\wajiz.pk\desktop\urgh\wallnut.h(26): warning C4244: 'argument': conversion from 'int' to 'float', possible loss of data
c:\users\wajiz.pk\desktop\urgh\sunflower.h(26): warning C4244: 'argument': conversion from 'int' to 'float', possible loss of data
c:\users\wajiz.pk\desktop\urgh\sunflower.h(38): warning C4244: 'argument': conversion from 'int' to 'float', possible loss of data
c:\users\wajiz.pk\desktop\urgh\sunflower.h(48): warning C4244: 'argument': conversion from 'int' to 'float', possible loss of data
  FlyingZombieFactory.cpp
c:\users\wajiz.pk\desktop\urgh\lawnmower.h(36): warning C4244: 'argument': conversion from 'int' to 'float', possible loss of data
c:\users\wajiz.pk\desktop\urgh\lawnmower.h(43): warning C4244: 'argument': conversion from 'int' to 'float', possible loss of data
c:\users\wajiz.pk\desktop\urgh\peashooter.h(34): warning C4244: 'argument': conversion from 'int' to 'float', possible loss of data
c:\users\wajiz.pk\desktop\urgh\peashooter.h(55): warning C4244: 'argument': conversion from 'int' to 'float', possible loss of data
c:\users\wajiz.pk\desktop\urgh\wallnut.h(26): warning C4244: 'argument': conversion from 'int' to 'float', possible loss of data
c:\users\wajiz.pk\desktop\urgh\sunflower.h(26): warning C4244: 'argument': conversion from 'int' to 'float', possible loss of data
c:\users\wajiz.pk\desktop\urgh\sunflower.h(38): warning C4244: 'argument': conversion from 'int' to 'float', possible loss of data
c:\users\wajiz.pk\desktop\urgh\sunflower.h(48): warning C4244: 'argument': conversion from 'int' to 'float', possible loss of data
c:\users\wajiz.pk\desktop\urgh\flyingzombiefactory.h(21): warning C4244: '=': conversion from 'int' to 'float', possible loss of data
  FoggyForest.cpp
c:\users\wajiz.pk\desktop\urgh\lawnmower.h(36): warning C4244: 'argument': conversion from 'int' to 'float', possible loss of data
c:\users\wajiz.pk\desktop\urgh\lawnmower.h(43): warning C4244: 'argument': conversion from 'int' to 'float', possible loss of data
c:\users\wajiz.pk\desktop\urgh\sunflower.h(26): warning C4244: 'argument': conversion from 'int' to 'float', possible loss of data
c:\users\wajiz.pk\desktop\urgh\sunflower.h(38): warning C4244: 'argument': conversion from 'int' to 'float', possible loss of data
c:\users\wajiz.pk\desktop\urgh\sunflower.h(48): warning C4244: 'argument': conversion from 'int' to 'float', possible loss of data
c:\users\wajiz.pk\desktop\urgh\peashooter.h(34): warning C4244: 'argument': conversion from 'int' to 'float', possible loss of data
c:\users\wajiz.pk\desktop\urgh\peashooter.h(55): warning C4244: 'argument': conversion from 'int' to 'float', possible loss of data
c:\users\wajiz.pk\desktop\urgh\wallnut.h(26): warning C4244: 'argument': conversion from 'int' to 'float', possible loss of data
c:\users\wajiz.pk\desktop\urgh\simplezombiefactory.h(21): warning C4244: '=': conversion from 'int' to 'float', possible loss of data
c:\users\wajiz.pk\desktop\urgh\flyingzombiefactory.h(21): warning C4244: '=': conversion from 'int' to 'float', possible loss of data
  FootballZombieFactory.cpp
c:\users\wajiz.pk\desktop\urgh\lawnmower.h(36): warning C4244: 'argument': conversion from 'int' to 'float', possible loss of data
c:\users\wajiz.pk\desktop\urgh\lawnmower.h(43): warning C4244: 'argument': conversion from 'int' to 'float', possible loss of data
c:\users\wajiz.pk\desktop\urgh\peashooter.h(34): warning C4244: 'argument': conversion from 'int' to 'float', possible loss of data
c:\users\wajiz.pk\desktop\urgh\peashooter.h(55): warning C4244: 'argument': conversion from 'int' to 'float', possible loss of data
c:\users\wajiz.pk\desktop\urgh\wallnut.h(26): warning C4244: 'argument': conversion from 'int' to 'float', possible loss of data
c:\users\wajiz.pk\desktop\urgh\sunflower.h(26): warning C4244: 'argument': conversion from 'int' to 'float', possible loss of data
c:\users\wajiz.pk\desktop\urgh\sunflower.h(38): warning C4244: 'argument': conversion from 'int' to 'float', possible loss of data
c:\users\wajiz.pk\desktop\urgh\sunflower.h(48): warning C4244: 'argument': conversion from 'int' to 'float', possible loss of data
  Fumeshroom.cpp
c:\users\wajiz.pk\desktop\urgh\lawnmower.h(36): warning C4244: 'argument': conversion from 'int' to 'float', possible loss of data
c:\users\wajiz.pk\desktop\urgh\lawnmower.h(43): warning C4244: 'argument': conversion from 'int' to 'float', possible loss of data
c:\users\wajiz.pk\desktop\urgh\sunflower.h(26): warning C4244: 'argument': conversion from 'int' to 'float', possible loss of data
c:\users\wajiz.pk\desktop\urgh\sunflower.h(38): warning C4244: 'argument': conversion from 'int' to 'float', possible loss of data
c:\users\wajiz.pk\desktop\urgh\sunflower.h(48): warning C4244: 'argument': conversion from 'int' to 'float', possible loss of data
c:\users\wajiz.pk\desktop\urgh\peashooter.h(34): warning C4244: 'argument': conversion from 'int' to 'float', possible loss of data
c:\users\wajiz.pk\desktop\urgh\peashooter.h(55): warning C4244: 'argument': conversion from 'int' to 'float', possible loss of data
c:\users\wajiz.pk\desktop\urgh\wallnut.h(26): warning C4244: 'argument': conversion from 'int' to 'float', possible loss of data
  FumeshroomFactory.cpp
c:\users\wajiz.pk\desktop\urgh\lawnmower.h(36): warning C4244: 'argument': conversion from 'int' to 'float', possible loss of data
c:\users\wajiz.pk\desktop\urgh\lawnmower.h(43): warning C4244: 'argument': conversion from 'int' to 'float', possible loss of data
c:\users\wajiz.pk\desktop\urgh\sunflower.h(26): warning C4244: 'argument': conversion from 'int' to 'float', possible loss of data
c:\users\wajiz.pk\desktop\urgh\sunflower.h(38): warning C4244: 'argument': conversion from 'int' to 'float', possible loss of data
c:\users\wajiz.pk\desktop\urgh\sunflower.h(48): warning C4244: 'argument': conversion from 'int' to 'float', possible loss of data
c:\users\wajiz.pk\desktop\urgh\peashooter.h(34): warning C4244: 'argument': conversion from 'int' to 'float', possible loss of data
c:\users\wajiz.pk\desktop\urgh\peashooter.h(55): warning C4244: 'argument': conversion from 'int' to 'float', possible loss of data
c:\users\wajiz.pk\desktop\urgh\wallnut.h(26): warning C4244: 'argument': conversion from 'int' to 'float', possible loss of data
c:\users\wajiz.pk\desktop\urgh\fumeshroomfactory.cpp(24): warning C4244: 'argument': conversion from 'int' to 'float', possible loss of data
  Game.cpp
c:\users\wajiz.pk\desktop\urgh\lawnmower.h(36): warning C4244: 'argument': conversion from 'int' to 'float', possible loss of data
c:\users\wajiz.pk\desktop\urgh\lawnmower.h(43): warning C4244: 'argument': conversion from 'int' to 'float', possible loss of data
c:\users\wajiz.pk\desktop\urgh\sunflower.h(26): warning C4244: 'argument': conversion from 'int' to 'float', possible loss of data
c:\users\wajiz.pk\desktop\urgh\sunflower.h(38): warning C4244: 'argument': conversion from 'int' to 'float', possible loss of data
c:\users\wajiz.pk\desktop\urgh\sunflower.h(48): warning C4244: 'argument': conversion from 'int' to 'float', possible loss of data
c:\users\wajiz.pk\desktop\urgh\peashooter.h(34): warning C4244: 'argument': conversion from 'int' to 'float', possible loss of data
c:\users\wajiz.pk\desktop\urgh\peashooter.h(55): warning C4244: 'argument': conversion from 'int' to 'float', possible loss of data
c:\users\wajiz.pk\desktop\urgh\wallnut.h(26): warning C4244: 'argument': conversion from 'int' to 'float', possible loss of data
c:\users\wajiz.pk\desktop\urgh\simplezombiefactory.h(21): warning C4244: '=': conversion from 'int' to 'float', possible loss of data
c:\users\wajiz.pk\desktop\urgh\flyingzombiefactory.h(21): warning C4244: '=': conversion from 'int' to 'float', possible loss of data
c:\users\wajiz.pk\desktop\urgh\game.cpp(45): warning C4244: 'argument': conversion from 'const int' to 'float', possible loss of data
c:\users\wajiz.pk\desktop\urgh\game.cpp(45): warning C4244: 'argument': conversion from 'int' to 'float', possible loss of data
c:\users\wajiz.pk\desktop\urgh\game.cpp(49): warning C4244: 'argument': conversion from 'int' to 'float', possible loss of data
c:\users\wajiz.pk\desktop\urgh\game.cpp(193): warning C4244: 'argument': conversion from 'int' to 'float', possible loss of data
c:\users\wajiz.pk\desktop\urgh\game.cpp(160): warning C4101: 'placePlant': unreferenced local variable
  Levels.cpp
c:\users\wajiz.pk\desktop\urgh\lawnmower.h(36): warning C4244: 'argument': conversion from 'int' to 'float', possible loss of data
c:\users\wajiz.pk\desktop\urgh\lawnmower.h(43): warning C4244: 'argument': conversion from 'int' to 'float', possible loss of data
c:\users\wajiz.pk\desktop\urgh\sunflower.h(26): warning C4244: 'argument': conversion from 'int' to 'float', possible loss of data
c:\users\wajiz.pk\desktop\urgh\sunflower.h(38): warning C4244: 'argument': conversion from 'int' to 'float', possible loss of data
c:\users\wajiz.pk\desktop\urgh\sunflower.h(48): warning C4244: 'argument': conversion from 'int' to 'float', possible loss of data
c:\users\wajiz.pk\desktop\urgh\peashooter.h(34): warning C4244: 'argument': conversion from 'int' to 'float', possible loss of data
c:\users\wajiz.pk\desktop\urgh\peashooter.h(55): warning C4244: 'argument': conversion from 'int' to 'float', possible loss of data
c:\users\wajiz.pk\desktop\urgh\wallnut.h(26): warning C4244: 'argument': conversion from 'int' to 'float', possible loss of data
c:\users\wajiz.pk\desktop\urgh\simplezombiefactory.h(21): warning C4244: '=': conversion from 'int' to 'float', possible loss of data
c:\users\wajiz.pk\desktop\urgh\flyingzombiefactory.h(21): warning C4244: '=': conversion from 'int' to 'float', possible loss of data
c:\users\wajiz.pk\desktop\urgh\levels.cpp(182): warning C4244: 'argument': conversion from 'int' to 'float', possible loss of data
  NighttimeSiege.cpp
c:\users\wajiz.pk\desktop\urgh\lawnmower.h(36): warning C4244: 'argument': conversion from 'int' to 'float', possible loss of data
c:\users\wajiz.pk\desktop\urgh\lawnmower.h(43): warning C4244: 'argument': conversion from 'int' to 'float', possible loss of data
c:\users\wajiz.pk\desktop\urgh\sunflower.h(26): warning C4244: 'argument': conversion from 'int' to 'float', possible loss of data
c:\users\wajiz.pk\desktop\urgh\sunflower.h(38): warning C4244: 'argument': conversion from 'int' to 'float', possible loss of data
c:\users\wajiz.pk\desktop\urgh\sunflower.h(48): warning C4244: 'argument': conversion from 'int' to 'float', possible loss of data
c:\users\wajiz.pk\desktop\urgh\peashooter.h(34): warning C4244: 'argument': conversion from 'int' to 'float', possible loss of data
c:\users\wajiz.pk\desktop\urgh\peashooter.h(55): warning C4244: 'argument': conversion from 'int' to 'float', possible loss of data
c:\users\wajiz.pk\desktop\urgh\wallnut.h(26): warning C4244: 'argument': conversion from 'int' to 'float', possible loss of data
c:\users\wajiz.pk\desktop\urgh\simplezombiefactory.h(21): warning C4244: '=': conversion from 'int' to 'float', possible loss of data
c:\users\wajiz.pk\desktop\urgh\flyingzombiefactory.h(21): warning C4244: '=': conversion from 'int' to 'float', possible loss of data
  Peashooter.cpp
c:\users\wajiz.pk\desktop\urgh\lawnmower.h(36): warning C4244: 'argument': conversion from 'int' to 'float', possible loss of data
c:\users\wajiz.pk\desktop\urgh\lawnmower.h(43): warning C4244: 'argument': conversion from 'int' to 'float', possible loss of data
c:\users\wajiz.pk\desktop\urgh\sunflower.h(26): warning C4244: 'argument': conversion from 'int' to 'float', possible loss of data
c:\users\wajiz.pk\desktop\urgh\sunflower.h(38): warning C4244: 'argument': conversion from 'int' to 'float', possible loss of data
c:\users\wajiz.pk\desktop\urgh\sunflower.h(48): warning C4244: 'argument': conversion from 'int' to 'float', possible loss of data
c:\users\wajiz.pk\desktop\urgh\wallnut.h(26): warning C4244: 'argument': conversion from 'int' to 'float', possible loss of data
c:\users\wajiz.pk\desktop\urgh\peashooter.h(34): warning C4244: 'argument': conversion from 'int' to 'float', possible loss of data
c:\users\wajiz.pk\desktop\urgh\peashooter.h(55): warning C4244: 'argument': conversion from 'int' to 'float', possible loss of data
  PeashooterFactory.cpp
c:\users\wajiz.pk\desktop\urgh\lawnmower.h(36): warning C4244: 'argument': conversion from 'int' to 'float', possible loss of data
c:\users\wajiz.pk\desktop\urgh\lawnmower.h(43): warning C4244: 'argument': conversion from 'int' to 'float', possible loss of data
c:\users\wajiz.pk\desktop\urgh\peashooter.h(34): warning C4244: 'argument': conversion from 'int' to 'float', possible loss of data
c:\users\wajiz.pk\desktop\urgh\peashooter.h(55): warning C4244: 'argument': conversion from 'int' to 'float', possible loss of data
c:\users\wajiz.pk\desktop\urgh\wallnut.h(26): warning C4244: 'argument': conversion from 'int' to 'float', possible loss of data
c:\users\wajiz.pk\desktop\urgh\sunflower.h(26): warning C4244: 'argument': conversion from 'int' to 'float', possible loss of data
c:\users\wajiz.pk\desktop\urgh\sunflower.h(38): warning C4244: 'argument': conversion from 'int' to 'float', possible loss of data
c:\users\wajiz.pk\desktop\urgh\sunflower.h(48): warning C4244: 'argument': conversion from 'int' to 'float', possible loss of data
c:\users\wajiz.pk\desktop\urgh\peashooterfactory.cpp(20): warning C4244: 'argument': conversion from 'int' to 'float', possible loss of data
  PlantFactory.cpp
c:\users\wajiz.pk\desktop\urgh\lawnmower.h(36): warning C4244: 'argument': conversion from 'int' to 'float', possible loss of data
c:\users\wajiz.pk\desktop\urgh\lawnmower.h(43): warning C4244: 'argument': conversion from 'int' to 'float', possible loss of data
c:\users\wajiz.pk\desktop\urgh\sunflower.h(26): warning C4244: 'argument': conversion from 'int' to 'float', possible loss of data
c:\users\wajiz.pk\desktop\urgh\sunflower.h(38): warning C4244: 'argument': conversion from 'int' to 'float', possible loss of data
c:\users\wajiz.pk\desktop\urgh\sunflower.h(48): warning C4244: 'argument': conversion from 'int' to 'float', possible loss of data
c:\users\wajiz.pk\desktop\urgh\peashooter.h(34): warning C4244: 'argument': conversion from 'int' to 'float', possible loss of data
c:\users\wajiz.pk\desktop\urgh\peashooter.h(55): warning C4244: 'argument': conversion from 'int' to 'float', possible loss of data
c:\users\wajiz.pk\desktop\urgh\wallnut.h(26): warning C4244: 'argument': conversion from 'int' to 'float', possible loss of data
c:\users\wajiz.pk\desktop\urgh\plantfactory.cpp(10): warning C4305: '=': truncation from 'double' to 'float'
  Repeater.cpp
c:\users\wajiz.pk\desktop\urgh\lawnmower.h(36): warning C4244: 'argument': conversion from 'int' to 'float', possible loss of data
c:\users\wajiz.pk\desktop\urgh\lawnmower.h(43): warning C4244: 'argument': conversion from 'int' to 'float', possible loss of data
c:\users\wajiz.pk\desktop\urgh\sunflower.h(26): warning C4244: 'argument': conversion from 'int' to 'float', possible loss of data
c:\users\wajiz.pk\desktop\urgh\sunflower.h(38): warning C4244: 'argument': conversion from 'int' to 'float', possible loss of data
c:\users\wajiz.pk\desktop\urgh\sunflower.h(48): warning C4244: 'argument': conversion from 'int' to 'float', possible loss of data
c:\users\wajiz.pk\desktop\urgh\peashooter.h(34): warning C4244: 'argument': conversion from 'int' to 'float', possible loss of data
c:\users\wajiz.pk\desktop\urgh\peashooter.h(55): warning C4244: 'argument': conversion from 'int' to 'float', possible loss of data
c:\users\wajiz.pk\desktop\urgh\wallnut.h(26): warning C4244: 'argument': conversion from 'int' to 'float', possible loss of data
  RepeaterFactory.cpp
c:\users\wajiz.pk\desktop\urgh\lawnmower.h(36): warning C4244: 'argument': conversion from 'int' to 'float', possible loss of data
c:\users\wajiz.pk\desktop\urgh\lawnmower.h(43): warning C4244: 'argument': conversion from 'int' to 'float', possible loss of data
c:\users\wajiz.pk\desktop\urgh\sunflower.h(26): warning C4244: 'argument': conversion from 'int' to 'float', possible loss of data
c:\users\wajiz.pk\desktop\urgh\sunflower.h(38): warning C4244: 'argument': conversion from 'int' to 'float', possible loss of data
c:\users\wajiz.pk\desktop\urgh\sunflower.h(48): warning C4244: 'argument': conversion from 'int' to 'float', possible loss of data
c:\users\wajiz.pk\desktop\urgh\peashooter.h(34): warning C4244: 'argument': conversion from 'int' to 'float', possible loss of data
c:\users\wajiz.pk\desktop\urgh\peashooter.h(55): warning C4244: 'argument': conversion from 'int' to 'float', possible loss of data
c:\users\wajiz.pk\desktop\urgh\wallnut.h(26): warning C4244: 'argument': conversion from 'int' to 'float', possible loss of data
c:\users\wajiz.pk\desktop\urgh\repeaterfactory.cpp(25): warning C4244: 'argument': conversion from 'int' to 'float', possible loss of data
  RooftopRampage.cpp
c:\users\wajiz.pk\desktop\urgh\lawnmower.h(36): warning C4244: 'argument': conversion from 'int' to 'float', possible loss of data
c:\users\wajiz.pk\desktop\urgh\lawnmower.h(43): warning C4244: 'argument': conversion from 'int' to 'float', possible loss of data
c:\users\wajiz.pk\desktop\urgh\sunflower.h(26): warning C4244: 'argument': conversion from 'int' to 'float', possible loss of data
c:\users\wajiz.pk\desktop\urgh\sunflower.h(38): warning C4244: 'argument': conversion from 'int' to 'float', possible loss of data
c:\users\wajiz.pk\desktop\urgh\sunflower.h(48): warning C4244: 'argument': conversion from 'int' to 'float', possible loss of data
c:\users\wajiz.pk\desktop\urgh\peashooter.h(34): warning C4244: 'argument': conversion from 'int' to 'float', possible loss of data
c:\users\wajiz.pk\desktop\urgh\peashooter.h(55): warning C4244: 'argument': conversion from 'int' to 'float', possible loss of data
c:\users\wajiz.pk\desktop\urgh\wallnut.h(26): warning C4244: 'argument': conversion from 'int' to 'float', possible loss of data
c:\users\wajiz.pk\desktop\urgh\simplezombiefactory.h(21): warning C4244: '=': conversion from 'int' to 'float', possible loss of data
c:\users\wajiz.pk\desktop\urgh\flyingzombiefactory.h(21): warning C4244: '=': conversion from 'int' to 'float', possible loss of data
  SimpleZombieFactory.cpp
c:\users\wajiz.pk\desktop\urgh\lawnmower.h(36): warning C4244: 'argument': conversion from 'int' to 'float', possible loss of data
c:\users\wajiz.pk\desktop\urgh\lawnmower.h(43): warning C4244: 'argument': conversion from 'int' to 'float', possible loss of data
c:\users\wajiz.pk\desktop\urgh\peashooter.h(34): warning C4244: 'argument': conversion from 'int' to 'float', possible loss of data
c:\users\wajiz.pk\desktop\urgh\peashooter.h(55): warning C4244: 'argument': conversion from 'int' to 'float', possible loss of data
c:\users\wajiz.pk\desktop\urgh\wallnut.h(26): warning C4244: 'argument': conversion from 'int' to 'float', possible loss of data
c:\users\wajiz.pk\desktop\urgh\sunflower.h(26): warning C4244: 'argument': conversion from 'int' to 'float', possible loss of data
c:\users\wajiz.pk\desktop\urgh\sunflower.h(38): warning C4244: 'argument': conversion from 'int' to 'float', possible loss of data
c:\users\wajiz.pk\desktop\urgh\sunflower.h(48): warning C4244: 'argument': conversion from 'int' to 'float', possible loss of data
c:\users\wajiz.pk\desktop\urgh\simplezombiefactory.h(21): warning C4244: '=': conversion from 'int' to 'float', possible loss of data
  Generating Code...
c:\users\wajiz.pk\desktop\urgh\rooftoprampage.cpp(91): warning C4715: 'RooftopRampage::getPlantType': not all control paths return a value
c:\users\wajiz.pk\desktop\urgh\nighttimesiege.cpp(79): warning C4715: 'NighttimeSiege::getPlantType': not all control paths return a value
c:\users\wajiz.pk\desktop\urgh\levels.cpp(96): warning C4715: 'Levels::getPlantSprite': not all control paths return a value
c:\users\wajiz.pk\desktop\urgh\game.cpp(302): warning C4715: 'Game::PlantSecondClick': not all control paths return a value
c:\users\wajiz.pk\desktop\urgh\foggyforest.cpp(100): warning C4715: 'FoggyForest::getPlantType': not all control paths return a value
c:\users\wajiz.pk\desktop\urgh\beginnersgarden.cpp(53): warning C4715: 'BeginnersGarden::getPlantType': not all control paths return a value
  Compiling...
  Snowpea.cpp
c:\users\wajiz.pk\desktop\urgh\lawnmower.h(36): warning C4244: 'argument': conversion from 'int' to 'float', possible loss of data
c:\users\wajiz.pk\desktop\urgh\lawnmower.h(43): warning C4244: 'argument': conversion from 'int' to 'float', possible loss of data
c:\users\wajiz.pk\desktop\urgh\sunflower.h(26): warning C4244: 'argument': conversion from 'int' to 'float', possible loss of data
c:\users\wajiz.pk\desktop\urgh\sunflower.h(38): warning C4244: 'argument': conversion from 'int' to 'float', possible loss of data
c:\users\wajiz.pk\desktop\urgh\sunflower.h(48): warning C4244: 'argument': conversion from 'int' to 'float', possible loss of data
c:\users\wajiz.pk\desktop\urgh\peashooter.h(34): warning C4244: 'argument': conversion from 'int' to 'float', possible loss of data
c:\users\wajiz.pk\desktop\urgh\peashooter.h(55): warning C4244: 'argument': conversion from 'int' to 'float', possible loss of data
c:\users\wajiz.pk\desktop\urgh\wallnut.h(26): warning C4244: 'argument': conversion from 'int' to 'float', possible loss of data
  SnowpeaFactory.cpp
c:\users\wajiz.pk\desktop\urgh\lawnmower.h(36): warning C4244: 'argument': conversion from 'int' to 'float', possible loss of data
c:\users\wajiz.pk\desktop\urgh\lawnmower.h(43): warning C4244: 'argument': conversion from 'int' to 'float', possible loss of data
c:\users\wajiz.pk\desktop\urgh\sunflower.h(26): warning C4244: 'argument': conversion from 'int' to 'float', possible loss of data
c:\users\wajiz.pk\desktop\urgh\sunflower.h(38): warning C4244: 'argument': conversion from 'int' to 'float', possible loss of data
c:\users\wajiz.pk\desktop\urgh\sunflower.h(48): warning C4244: 'argument': conversion from 'int' to 'float', possible loss of data
c:\users\wajiz.pk\desktop\urgh\peashooter.h(34): warning C4244: 'argument': conversion from 'int' to 'float', possible loss of data
c:\users\wajiz.pk\desktop\urgh\peashooter.h(55): warning C4244: 'argument': conversion from 'int' to 'float', possible loss of data
c:\users\wajiz.pk\desktop\urgh\wallnut.h(26): warning C4244: 'argument': conversion from 'int' to 'float', possible loss of data
c:\users\wajiz.pk\desktop\urgh\snowpeafactory.cpp(24): warning C4244: 'argument': conversion from 'int' to 'float', possible loss of data
  Sunflower.cpp
c:\users\wajiz.pk\desktop\urgh\lawnmower.h(36): warning C4244: 'argument': conversion from 'int' to 'float', possible loss of data
c:\users\wajiz.pk\desktop\urgh\lawnmower.h(43): warning C4244: 'argument': conversion from 'int' to 'float', possible loss of data
c:\users\wajiz.pk\desktop\urgh\peashooter.h(34): warning C4244: 'argument': conversion from 'int' to 'float', possible loss of data
c:\users\wajiz.pk\desktop\urgh\peashooter.h(55): warning C4244: 'argument': conversion from 'int' to 'float', possible loss of data
c:\users\wajiz.pk\desktop\urgh\wallnut.h(26): warning C4244: 'argument': conversion from 'int' to 'float', possible loss of data
c:\users\wajiz.pk\desktop\urgh\sunflower.h(26): warning C4244: 'argument': conversion from 'int' to 'float', possible loss of data
c:\users\wajiz.pk\desktop\urgh\sunflower.h(38): warning C4244: 'argument': conversion from 'int' to 'float', possible loss of data
c:\users\wajiz.pk\desktop\urgh\sunflower.h(48): warning C4244: 'argument': conversion from 'int' to 'float', possible loss of data
  SunflowerFactory.cpp
c:\users\wajiz.pk\desktop\urgh\lawnmower.h(36): warning C4244: 'argument': conversion from 'int' to 'float', possible loss of data
c:\users\wajiz.pk\desktop\urgh\lawnmower.h(43): warning C4244: 'argument': conversion from 'int' to 'float', possible loss of data
c:\users\wajiz.pk\desktop\urgh\sunflower.h(26): warning C4244: 'argument': conversion from 'int' to 'float', possible loss of data
c:\users\wajiz.pk\desktop\urgh\sunflower.h(38): warning C4244: 'argument': conversion from 'int' to 'float', possible loss of data
c:\users\wajiz.pk\desktop\urgh\sunflower.h(48): warning C4244: 'argument': conversion from 'int' to 'float', possible loss of data
c:\users\wajiz.pk\desktop\urgh\peashooter.h(34): warning C4244: 'argument': conversion from 'int' to 'float', possible loss of data
c:\users\wajiz.pk\desktop\urgh\peashooter.h(55): warning C4244: 'argument': conversion from 'int' to 'float', possible loss of data
c:\users\wajiz.pk\desktop\urgh\wallnut.h(26): warning C4244: 'argument': conversion from 'int' to 'float', possible loss of data
c:\users\wajiz.pk\desktop\urgh\sunflowerfactory.cpp(24): warning C4244: 'argument': conversion from 'int' to 'float', possible loss of data
  SunflowerFields.cpp
c:\users\wajiz.pk\desktop\urgh\lawnmower.h(36): warning C4244: 'argument': conversion from 'int' to 'float', possible loss of data
c:\users\wajiz.pk\desktop\urgh\lawnmower.h(43): warning C4244: 'argument': conversion from 'int' to 'float', possible loss of data
c:\users\wajiz.pk\desktop\urgh\sunflower.h(26): warning C4244: 'argument': conversion from 'int' to 'float', possible loss of data
c:\users\wajiz.pk\desktop\urgh\sunflower.h(38): warning C4244: 'argument': conversion from 'int' to 'float', possible loss of data
c:\users\wajiz.pk\desktop\urgh\sunflower.h(48): warning C4244: 'argument': conversion from 'int' to 'float', possible loss of data
c:\users\wajiz.pk\desktop\urgh\peashooter.h(34): warning C4244: 'argument': conversion from 'int' to 'float', possible loss of data
c:\users\wajiz.pk\desktop\urgh\peashooter.h(55): warning C4244: 'argument': conversion from 'int' to 'float', possible loss of data
c:\users\wajiz.pk\desktop\urgh\wallnut.h(26): warning C4244: 'argument': conversion from 'int' to 'float', possible loss of data
c:\users\wajiz.pk\desktop\urgh\simplezombiefactory.h(21): warning C4244: '=': conversion from 'int' to 'float', possible loss of data
c:\users\wajiz.pk\desktop\urgh\flyingzombiefactory.h(21): warning C4244: '=': conversion from 'int' to 'float', possible loss of data
  Wallnut.cpp
c:\users\wajiz.pk\desktop\urgh\lawnmower.h(36): warning C4244: 'argument': conversion from 'int' to 'float', possible loss of data
c:\users\wajiz.pk\desktop\urgh\lawnmower.h(43): warning C4244: 'argument': conversion from 'int' to 'float', possible loss of data
c:\users\wajiz.pk\desktop\urgh\sunflower.h(26): warning C4244: 'argument': conversion from 'int' to 'float', possible loss of data
c:\users\wajiz.pk\desktop\urgh\sunflower.h(38): warning C4244: 'argument': conversion from 'int' to 'float', possible loss of data
c:\users\wajiz.pk\desktop\urgh\sunflower.h(48): warning C4244: 'argument': conversion from 'int' to 'float', possible loss of data
c:\users\wajiz.pk\desktop\urgh\peashooter.h(34): warning C4244: 'argument': conversion from 'int' to 'float', possible loss of data
c:\users\wajiz.pk\desktop\urgh\peashooter.h(55): warning C4244: 'argument': conversion from 'int' to 'float', possible loss of data
c:\users\wajiz.pk\desktop\urgh\wallnut.h(26): warning C4244: 'argument': conversion from 'int' to 'float', possible loss of data
  WallnutFactory.cpp
c:\users\wajiz.pk\desktop\urgh\lawnmower.h(36): warning C4244: 'argument': conversion from 'int' to 'float', possible loss of data
c:\users\wajiz.pk\desktop\urgh\lawnmower.h(43): warning C4244: 'argument': conversion from 'int' to 'float', possible loss of data
c:\users\wajiz.pk\desktop\urgh\sunflower.h(26): warning C4244: 'argument': conversion from 'int' to 'float', possible loss of data
c:\users\wajiz.pk\desktop\urgh\sunflower.h(38): warning C4244: 'argument': conversion from 'int' to 'float', possible loss of data
c:\users\wajiz.pk\desktop\urgh\sunflower.h(48): warning C4244: 'argument': conversion from 'int' to 'float', possible loss of data
c:\users\wajiz.pk\desktop\urgh\peashooter.h(34): warning C4244: 'argument': conversion from 'int' to 'float', possible loss of data
c:\users\wajiz.pk\desktop\urgh\peashooter.h(55): warning C4244: 'argument': conversion from 'int' to 'float', possible loss of data
c:\users\wajiz.pk\desktop\urgh\wallnut.h(26): warning C4244: 'argument': conversion from 'int' to 'float', possible loss of data
c:\users\wajiz.pk\desktop\urgh\wallnutfactory.cpp(25): warning C4244: 'argument': conversion from 'int' to 'float', possible loss of data
  ZombieFactory.cpp
c:\users\wajiz.pk\desktop\urgh\lawnmower.h(36): warning C4244: 'argument': conversion from 'int' to 'float', possible loss of data
c:\users\wajiz.pk\desktop\urgh\lawnmower.h(43): warning C4244: 'argument': conversion from 'int' to 'float', possible loss of data
c:\users\wajiz.pk\desktop\urgh\peashooter.h(34): warning C4244: 'argument': conversion from 'int' to 'float', possible loss of data
c:\users\wajiz.pk\desktop\urgh\peashooter.h(55): warning C4244: 'argument': conversion from 'int' to 'float', possible loss of data
c:\users\wajiz.pk\desktop\urgh\wallnut.h(26): warning C4244: 'argument': conversion from 'int' to 'float', possible loss of data
c:\users\wajiz.pk\desktop\urgh\sunflower.h(26): warning C4244: 'argument': conversion from 'int' to 'float', possible loss of data
c:\users\wajiz.pk\desktop\urgh\sunflower.h(38): warning C4244: 'argument': conversion from 'int' to 'float', possible loss of data
c:\users\wajiz.pk\desktop\urgh\sunflower.h(48): warning C4244: 'argument': conversion from 'int' to 'float', possible loss of data
  ZombieOutskirts.cpp
c:\users\wajiz.pk\desktop\urgh\lawnmower.h(36): warning C4244: 'argument': conversion from 'int' to 'float', possible loss of data
c:\users\wajiz.pk\desktop\urgh\lawnmower.h(43): warning C4244: 'argument': conversion from 'int' to 'float', possible loss of data
c:\users\wajiz.pk\desktop\urgh\sunflower.h(26): warning C4244: 'argument': conversion from 'int' to 'float', possible loss of data
c:\users\wajiz.pk\desktop\urgh\sunflower.h(38): warning C4244: 'argument': conversion from 'int' to 'float', possible loss of data
c:\users\wajiz.pk\desktop\urgh\sunflower.h(48): warning C4244: 'argument': conversion from 'int' to 'float', possible loss of data
c:\users\wajiz.pk\desktop\urgh\peashooter.h(34): warning C4244: 'argument': conversion from 'int' to 'float', possible loss of data
c:\users\wajiz.pk\desktop\urgh\peashooter.h(55): warning C4244: 'argument': conversion from 'int' to 'float', possible loss of data
c:\users\wajiz.pk\desktop\urgh\wallnut.h(26): warning C4244: 'argument': conversion from 'int' to 'float', possible loss of data
c:\users\wajiz.pk\desktop\urgh\simplezombiefactory.h(21): warning C4244: '=': conversion from 'int' to 'float', possible loss of data
c:\users\wajiz.pk\desktop\urgh\flyingzombiefactory.h(21): warning C4244: '=': conversion from 'int' to 'float', possible loss of data
  main.cpp
c:\users\wajiz.pk\desktop\urgh\lawnmower.h(36): warning C4244: 'argument': conversion from 'int' to 'float', possible loss of data
c:\users\wajiz.pk\desktop\urgh\lawnmower.h(43): warning C4244: 'argument': conversion from 'int' to 'float', possible loss of data
c:\users\wajiz.pk\desktop\urgh\sunflower.h(26): warning C4244: 'argument': conversion from 'int' to 'float', possible loss of data
c:\users\wajiz.pk\desktop\urgh\sunflower.h(38): warning C4244: 'argument': conversion from 'int' to 'float', possible loss of data
c:\users\wajiz.pk\desktop\urgh\sunflower.h(48): warning C4244: 'argument': conversion from 'int' to 'float', possible loss of data
c:\users\wajiz.pk\desktop\urgh\peashooter.h(34): warning C4244: 'argument': conversion from 'int' to 'float', possible loss of data
c:\users\wajiz.pk\desktop\urgh\peashooter.h(55): warning C4244: 'argument': conversion from 'int' to 'float', possible loss of data
c:\users\wajiz.pk\desktop\urgh\wallnut.h(26): warning C4244: 'argument': conversion from 'int' to 'float', possible loss of data
c:\users\wajiz.pk\desktop\urgh\simplezombiefactory.h(21): warning C4244: '=': conversion from 'int' to 'float', possible loss of data
c:\users\wajiz.pk\desktop\urgh\flyingzombiefactory.h(21): warning C4244: '=': conversion from 'int' to 'float', possible loss of data
  Generating Code...
c:\users\wajiz.pk\desktop\urgh\zombieoutskirts.cpp(76): warning C4715: 'ZombieOutskirts::getPlantType': not all control paths return a value
c:\users\wajiz.pk\desktop\urgh\zombiefactory.cpp(67): warning C4715: 'ZombieFactory::checkLawnmowerCollision': not all control paths return a value
c:\users\wajiz.pk\desktop\urgh\sunflowerfields.cpp(90): warning C4715: 'SunflowerFields::getPlantType': not all control paths return a value
  urgh.vcxproj -> C:\Users\wajiz.pk\Desktop\urgh\x64\Debug Dynamic\urgh.exe
